TpTrace Verbose: 0 : 5180, 1, 2024/04/16, 16:12:59.646, 857553792787, datacollector.dll, Version: 17.9.0-release-24072-02
TpTrace Information: 0 : 5180, 1, 2024/04/16, 16:12:59.651, 857553839497, datacollector.dll, DataCollectorMain.Run: Starting data collector run with args: --port,55455,--parentprocessid,24508,--diag,C:\Users\renet\source\repos\IdeaCenterExamPrep\IdeaCenterExamPrep\bin\Debug\net6.0\fine-code-coverage\coverage-tool-output\diagnostics.datacollector.24-04-16_16-12-59_52963_5.log,--tracelevel,4
TpTrace Information: 0 : 5180, 1, 2024/04/16, 16:12:59.651, 857553840459, datacollector.dll, DataCollector: Monitoring parent process with id: '24508'
TpTrace Information: 0 : 5180, 1, 2024/04/16, 16:12:59.666, 857553984974, datacollector.dll, Trying to connect to server on socket : 127.0.0.1:55455 
TpTrace Verbose: 0 : 5180, 1, 2024/04/16, 16:12:59.674, 857554067197, datacollector.dll, SocketCommunicationManager : SetupClientAsync : Attempting to connect to the server.
TpTrace Information: 0 : 5180, 8, 2024/04/16, 16:12:59.681, 857554137233, datacollector.dll, Connected to the server successfully 
TpTrace Information: 0 : 5180, 8, 2024/04/16, 16:12:59.681, 857554138347, datacollector.dll, Using the buffer size of 16384 bytes
TpTrace Information: 0 : 5180, 1, 2024/04/16, 16:12:59.730, 857554630136, datacollector.dll, DataCollector: Start Request Processing.
TpTrace Verbose: 0 : 5180, 1, 2024/04/16, 16:12:59.730, 857554632000, datacollector.dll, SocketCommunicationManager.WaitForServerConnection took: 0 ms, with 90000 ms timeout, and finished with True.
TpTrace Information: 0 : 5180, 1, 2024/04/16, 16:12:59.730, 857554634121, datacollector.dll, DataCollectionRequestHandler.ProcessRequests: Datacollector received message: (DataCollection.BeforeTestRunStart) -> {"MessageType":"DataCollection.BeforeTestRunStart","Payload":{"SettingsXml":"<RunSettings><RunConfiguration><ResultsDirectory>C:\\Users\\renet\\source\\repos\\IdeaCenterExamPrep\\IdeaCenterExamPrep\\bin\\Debug\\net6.0\\fine-code-coverage\\coverage-tool-output</ResultsDirectory><TargetPlatform>X64</TargetPlatform><TargetFrameworkVersion>.NETCoreApp,Version=v6.0</TargetFrameworkVersion><DesignMode>False</DesignMode><CollectSourceInformation>False</CollectSourceInformation><TestAdaptersPaths>C:\\Program Files\\dotnet\\sdk\\8.0.204\\Extensions</TestAdaptersPaths></RunConfiguration><LoggerRunSettings><Loggers><Logger friendlyName=\"blame\" enabled=\"True\" /><Logger friendlyName=\"Console\" uri=\"logger://microsoft/TestPlatform/ConsoleLogger/v1\" assemblyQualifiedName=\"Microsoft.VisualStudio.TestPlatform.CommandLine.Internal.ConsoleLogger, vstest.console, Version=15.0.0.0, Culture=neutral, PublicKeyToken=b03f5f7f11d50a3a\" codeBase=\"C:\\Program Files\\dotnet\\sdk\\8.0.204\\vstest.console.dll\" enabled=\"True\" /></Loggers></LoggerRunSettings><DataCollectionRunSettings><DataCollectors><DataCollector friendlyName=\"blame\" enabled=\"True\"><Configuration><ResultsDirectory>C:\\Users\\renet\\source\\repos\\IdeaCenterExamPrep\\IdeaCenterExamPrep\\bin\\Debug\\net6.0\\fine-code-coverage\\coverage-tool-output</ResultsDirectory></Configuration></DataCollector></DataCollectors></DataCollectionRunSettings></RunSettings>","Sources":["C:\\Users\\renet\\source\\repos\\IdeaCenterExamPrep\\IdeaCenterExamPrep\\bin\\Debug\\net6.0\\fine-code-coverage\\build-output\\IdeaCenterExamPrep.dll"],"IsTelemetryOptedIn":false}}
TpTrace Verbose: 0 : 5180, 1, 2024/04/16, 16:12:59.765, 857554984349, datacollector.dll, TestPluginCache: Update extensions started. Skip filter = False
TpTrace Verbose: 0 : 5180, 1, 2024/04/16, 16:12:59.766, 857554994744, datacollector.dll, TestPluginCache: Using directories for assembly resolution 'C:\Program Files\dotnet\sdk\8.0.204\Extensions'.
TpTrace Verbose: 0 : 5180, 1, 2024/04/16, 16:12:59.767, 857554995789, datacollector.dll, TestPluginCache: Updated the available extensions to 'C:\Program Files\dotnet\sdk\8.0.204\Extensions\Microsoft.TestPlatform.Extensions.BlameDataCollector.dll,C:\Program Files\dotnet\sdk\8.0.204\Extensions\Microsoft.TestPlatform.Extensions.EventLogCollector.dll'.
TpTrace Verbose: 0 : 5180, 1, 2024/04/16, 16:12:59.772, 857555046119, datacollector.dll, TestPluginCache.DiscoverTestExtensions: finding test extensions in assemblies ends with: Collector.dll TPluginInfo: Microsoft.VisualStudio.TestPlatform.Common.DataCollector.DataCollectorConfig TExtension: Microsoft.VisualStudio.TestPlatform.ObjectModel.DataCollection.DataCollector
TpTrace Verbose: 0 : 5180, 1, 2024/04/16, 16:12:59.773, 857555055413, datacollector.dll, TestPluginCache.GetExtensionPaths: Filtered extension paths: C:\Program Files\dotnet\sdk\8.0.204\Extensions\Microsoft.TestPlatform.Extensions.BlameDataCollector.dll
C:\Program Files\dotnet\sdk\8.0.204\Extensions\Microsoft.TestPlatform.Extensions.EventLogCollector.dll
TpTrace Verbose: 0 : 5180, 1, 2024/04/16, 16:12:59.773, 857555055956, datacollector.dll, TestPluginCache.GetExtensionPaths: Added default extension paths: 
TpTrace Verbose: 0 : 5180, 1, 2024/04/16, 16:12:59.773, 857555056197, datacollector.dll, TestPluginCache.GetExtensionPaths: Added unfilterableExtensionPaths: 
TpTrace Information: 0 : 5180, 1, 2024/04/16, 16:12:59.773, 857555060454, datacollector.dll, AssemblyResolver.ctor: Creating AssemblyResolver with searchDirectories C:\Program Files\dotnet\sdk\8.0.204\Extensions,C:\Program Files\dotnet\sdk\8.0.204
TpTrace Verbose: 0 : 5180, 1, 2024/04/16, 16:12:59.774, 857555067564, datacollector.dll, TestPluginCache.DiscoverTestExtensions: Discovering the extensions using extension path.
TpTrace Verbose: 0 : 5180, 1, 2024/04/16, 16:12:59.774, 857555068734, datacollector.dll, TestPluginCache.GetExtensionPaths: Filtered extension paths: C:\Program Files\dotnet\sdk\8.0.204\Extensions\Microsoft.TestPlatform.Extensions.BlameDataCollector.dll
C:\Program Files\dotnet\sdk\8.0.204\Extensions\Microsoft.TestPlatform.Extensions.EventLogCollector.dll
TpTrace Verbose: 0 : 5180, 1, 2024/04/16, 16:12:59.774, 857555069269, datacollector.dll, TestPluginCache.GetExtensionPaths: Added default extension paths: 
TpTrace Verbose: 0 : 5180, 1, 2024/04/16, 16:12:59.774, 857555069657, datacollector.dll, TestPluginCache.GetExtensionPaths: Added unfilterableExtensionPaths: 
TpTrace Verbose: 0 : 5180, 1, 2024/04/16, 16:12:59.774, 857555070220, datacollector.dll, TestPluginCache.DiscoverTestExtensions: Discovering the extensions using allExtensionPaths: C:\Program Files\dotnet\sdk\8.0.204\Extensions\Microsoft.TestPlatform.Extensions.BlameDataCollector.dll
C:\Program Files\dotnet\sdk\8.0.204\Extensions\Microsoft.TestPlatform.Extensions.EventLogCollector.dll
TpTrace Information: 0 : 5180, 1, 2024/04/16, 16:12:59.774, 857555071226, datacollector.dll, AssemblyResolver.AddSearchDirectories: Adding more searchDirectories C:\Program Files\dotnet\sdk\8.0.204\Extensions,C:\Program Files\dotnet\sdk\8.0.204
TpTrace Information: 0 : 5180, 1, 2024/04/16, 16:12:59.774, 857555072001, datacollector.dll, AssemblyResolver.AddSearchDirectories: Adding more searchDirectories C:\Program Files\dotnet\sdk\8.0.204\Extensions,C:\Program Files\dotnet\sdk\8.0.204
TpTrace Information: 0 : 5180, 1, 2024/04/16, 16:12:59.775, 857555078615, datacollector.dll, AssemblyResolver.OnResolve: Microsoft.TestPlatform.Extensions.BlameDataCollector: Resolving assembly.
TpTrace Information: 0 : 5180, 1, 2024/04/16, 16:12:59.775, 857555080020, datacollector.dll, AssemblyResolver.OnResolve: Microsoft.TestPlatform.Extensions.BlameDataCollector: Searching in: 'C:\Program Files\dotnet\sdk\8.0.204\Extensions'.
TpTrace Information: 0 : 5180, 1, 2024/04/16, 16:12:59.781, 857555136604, datacollector.dll, AssemblyResolver.OnResolve: Microsoft.TestPlatform.Extensions.BlameDataCollector: Loading assembly 'C:\Program Files\dotnet\sdk\8.0.204\Extensions\Microsoft.TestPlatform.Extensions.BlameDataCollector.dll'.
TpTrace Information: 0 : 5180, 1, 2024/04/16, 16:12:59.781, 857555141150, datacollector.dll, AssemblyResolver.OnResolve: Resolved assembly: Microsoft.TestPlatform.Extensions.BlameDataCollector, from path: C:\Program Files\dotnet\sdk\8.0.204\Extensions\Microsoft.TestPlatform.Extensions.BlameDataCollector.dll
TpTrace Verbose: 0 : 5180, 1, 2024/04/16, 16:12:59.786, 857555192112, datacollector.dll, MetadataReaderExtensionsHelper: Discovering extensions inside assembly 'Microsoft.TestPlatform.Extensions.BlameDataCollector, Version=15.0.0.0, Culture=neutral, PublicKeyToken=b03f5f7f11d50a3a' file path 'C:\Program Files\dotnet\sdk\8.0.204\Extensions\Microsoft.TestPlatform.Extensions.BlameDataCollector.dll'
TpTrace Error: 0 : 5180, 1, 2024/04/16, 16:12:59.788, 857555211262, datacollector.dll, The type "Microsoft.TestPlatform.Extensions.BlameDataCollector.BlameCollector" defined in "Microsoft.TestPlatform.Extensions.BlameDataCollector.dll" does not have ExtensionUri attribute.
TpTrace Information: 0 : 5180, 1, 2024/04/16, 16:12:59.791, 857555240076, datacollector.dll, GetTestExtensionFromType: Register extension with identifier data 'datacollector://microsoft/TestPlatform/Extensions/Blame/v1' and type 'Microsoft.TestPlatform.Extensions.BlameDataCollector.BlameCollector, Microsoft.TestPlatform.Extensions.BlameDataCollector, Version=15.0.0.0, Culture=neutral, PublicKeyToken=b03f5f7f11d50a3a' inside file 'C:\Program Files\dotnet\sdk\8.0.204\Extensions\Microsoft.TestPlatform.Extensions.BlameDataCollector.dll'
TpTrace Information: 0 : 5180, 1, 2024/04/16, 16:12:59.791, 857555241295, datacollector.dll, AssemblyResolver.OnResolve: Microsoft.TestPlatform.Extensions.EventLogCollector: Resolving assembly.
TpTrace Information: 0 : 5180, 1, 2024/04/16, 16:12:59.791, 857555241709, datacollector.dll, AssemblyResolver.OnResolve: Microsoft.TestPlatform.Extensions.EventLogCollector: Searching in: 'C:\Program Files\dotnet\sdk\8.0.204\Extensions'.
TpTrace Information: 0 : 5180, 1, 2024/04/16, 16:12:59.791, 857555244703, datacollector.dll, AssemblyResolver.OnResolve: Microsoft.TestPlatform.Extensions.EventLogCollector: Loading assembly 'C:\Program Files\dotnet\sdk\8.0.204\Extensions\Microsoft.TestPlatform.Extensions.EventLogCollector.dll'.
TpTrace Information: 0 : 5180, 1, 2024/04/16, 16:12:59.792, 857555248374, datacollector.dll, AssemblyResolver.OnResolve: Resolved assembly: Microsoft.TestPlatform.Extensions.EventLogCollector, from path: C:\Program Files\dotnet\sdk\8.0.204\Extensions\Microsoft.TestPlatform.Extensions.EventLogCollector.dll
TpTrace Verbose: 0 : 5180, 1, 2024/04/16, 16:12:59.792, 857555249009, datacollector.dll, MetadataReaderExtensionsHelper: Discovering extensions inside assembly 'Microsoft.TestPlatform.Extensions.EventLogCollector, Version=15.0.0.0, Culture=neutral, PublicKeyToken=b03f5f7f11d50a3a' file path 'C:\Program Files\dotnet\sdk\8.0.204\Extensions\Microsoft.TestPlatform.Extensions.EventLogCollector.dll'
TpTrace Error: 0 : 5180, 1, 2024/04/16, 16:12:59.794, 857555265594, datacollector.dll, The type "Microsoft.TestPlatform.Extensions.EventLogCollector.EventLogDataCollector" defined in "Microsoft.TestPlatform.Extensions.EventLogCollector.dll" does not have ExtensionUri attribute.
TpTrace Information: 0 : 5180, 1, 2024/04/16, 16:12:59.794, 857555268502, datacollector.dll, GetTestExtensionFromType: Register extension with identifier data 'datacollector://microsoft/EventLog/2.0' and type 'Microsoft.TestPlatform.Extensions.EventLogCollector.EventLogDataCollector, Microsoft.TestPlatform.Extensions.EventLogCollector, Version=15.0.0.0, Culture=neutral, PublicKeyToken=b03f5f7f11d50a3a' inside file 'C:\Program Files\dotnet\sdk\8.0.204\Extensions\Microsoft.TestPlatform.Extensions.EventLogCollector.dll'
TpTrace Verbose: 0 : 5180, 1, 2024/04/16, 16:12:59.794, 857555270401, datacollector.dll, TestPluginCache: Discovered the extensions using extension path 'C:\Program Files\dotnet\sdk\8.0.204\Extensions\Microsoft.TestPlatform.Extensions.BlameDataCollector.dll,C:\Program Files\dotnet\sdk\8.0.204\Extensions\Microsoft.TestPlatform.Extensions.EventLogCollector.dll'.
TpTrace Verbose: 0 : 5180, 1, 2024/04/16, 16:12:59.794, 857555270957, datacollector.dll, TestPluginCache: Discoverers are ''.
TpTrace Verbose: 0 : 5180, 1, 2024/04/16, 16:12:59.794, 857555271220, datacollector.dll, TestPluginCache: Executors are ''.
TpTrace Verbose: 0 : 5180, 1, 2024/04/16, 16:12:59.794, 857555271448, datacollector.dll, TestPluginCache: Executors2 are ''.
TpTrace Verbose: 0 : 5180, 1, 2024/04/16, 16:12:59.794, 857555271706, datacollector.dll, TestPluginCache: Setting providers are ''.
TpTrace Verbose: 0 : 5180, 1, 2024/04/16, 16:12:59.794, 857555271947, datacollector.dll, TestPluginCache: Loggers are ''.
TpTrace Verbose: 0 : 5180, 1, 2024/04/16, 16:12:59.794, 857555272191, datacollector.dll, TestPluginCache: TestHosts are ''.
TpTrace Verbose: 0 : 5180, 1, 2024/04/16, 16:12:59.794, 857555273811, datacollector.dll, TestPluginCache: DataCollectors are 'datacollector://microsoft/TestPlatform/Extensions/Blame/v1,datacollector://microsoft/EventLog/2.0'.
TpTrace Information: 0 : 5180, 1, 2024/04/16, 16:12:59.796, 857555286453, datacollector.dll, TestPluginManager.CreateTestExtension: Attempting to load test extension: Microsoft.TestPlatform.Extensions.BlameDataCollector.BlameCollector
TpTrace Information: 0 : 5180, 1, 2024/04/16, 16:12:59.798, 857555311633, datacollector.dll, [MonitorPostmortemDump]Monitor enabled: 'False'
TpTrace Verbose: 0 : 5180, 1, 2024/04/16, 16:12:59.799, 857555318900, datacollector.dll, MulticastDelegateUtilities.SafeInvoke: DataCollectionEvents.SessionStart: Invoking callbacks was skipped because there are no subscribers.
TpTrace Information: 0 : 5180, 1, 2024/04/16, 16:12:59.799, 857555323338, datacollector.dll, Listening on Endpoint : 127.0.0.1:55457
TpTrace Information: 0 : 5180, 1, 2024/04/16, 16:12:59.805, 857555376403, datacollector.dll, DataCollectionRequestHandler.ProcessRequests : DataCollection started.
TpTrace Information: 0 : 5180, 1, 2024/04/16, 16:12:59.818, 857555507784, datacollector.dll, DataCollectionRequestHandler.ProcessRequests: Datacollector received message: (DataCollection.TestHostLaunched) -> {"MessageType":"DataCollection.TestHostLaunched","Payload":{"ProcessId":24204}}
TpTrace Verbose: 0 : 5180, 1, 2024/04/16, 16:12:59.819, 857555524682, datacollector.dll, MulticastDelegateUtilities.SafeInvoke: DataCollectionEvents.TestHostLaunched: Invoking callback 1/1 for Microsoft.TestPlatform.Extensions.BlameDataCollector.BlameCollector., took 0 ms.
TpTrace Information: 0 : 5180, 6, 2024/04/16, 16:12:59.967, 857556996975, datacollector.dll, Using the buffer size of 16384 bytes
TpTrace Verbose: 0 : 5180, 8, 2024/04/16, 16:12:59.967, 857556997205, datacollector.dll, SocketCommunicationManager.WaitForClientConnection took: 164 ms, with 90000 ms timeout, and finished with True.
TpTrace Information: 0 : 5180, 6, 2024/04/16, 16:12:59.967, 857556998062, datacollector.dll, Accepted Client request and set the flag
TpTrace Information: 0 : 5180, 8, 2024/04/16, 16:13:01.049, 857567824404, datacollector.dll, DataCollectionTestCaseEventHandler: Test case starting.
TpTrace Information: 0 : 5180, 8, 2024/04/16, 16:13:01.066, 857567988059, datacollector.dll, BlameCollector.EventsTestCaseStart: Test Case Start
TpTrace Verbose: 0 : 5180, 8, 2024/04/16, 16:13:01.066, 857567990430, datacollector.dll, MulticastDelegateUtilities.SafeInvoke: DataCollectionEvents.TestCaseStart: Invoking callback 1/1 for Microsoft.TestPlatform.Extensions.BlameDataCollector.BlameCollector., took 0 ms.
TpTrace Information: 0 : 5180, 8, 2024/04/16, 16:13:01.066, 857567993877, datacollector.dll, DataCollectionTestCaseEventHandler: Test case 'CreateIdea_WithRequiredFields_ShouldSucceed - c5ac1155-1249-10d9-1757-49c91ca562bc' started.
TpTrace Information: 0 : 5180, 8, 2024/04/16, 16:13:01.387, 857571202000, datacollector.dll, DataCollectionTestCaseEventHandler: Test case completing.
TpTrace Information: 0 : 5180, 8, 2024/04/16, 16:13:01.392, 857571248392, datacollector.dll, BlameCollector.EventsTestCaseEnd: Test Case End
TpTrace Verbose: 0 : 5180, 8, 2024/04/16, 16:13:01.392, 857571251182, datacollector.dll, MulticastDelegateUtilities.SafeInvoke: DataCollectionEvents.TestCaseEnd: Invoking callback 1/1 for Microsoft.TestPlatform.Extensions.BlameDataCollector.BlameCollector., took 0 ms.
TpTrace Information: 0 : 5180, 8, 2024/04/16, 16:13:01.395, 857571275138, datacollector.dll, DataCollectionTestCaseEventHandler: Test case 'CreateIdea_WithRequiredFields_ShouldSucceed - c5ac1155-1249-10d9-1757-49c91ca562bc' completed
TpTrace Information: 0 : 5180, 8, 2024/04/16, 16:13:01.403, 857571356532, datacollector.dll, DataCollectionTestCaseEventHandler: Test case starting.
TpTrace Information: 0 : 5180, 8, 2024/04/16, 16:13:01.404, 857571364947, datacollector.dll, BlameCollector.EventsTestCaseStart: Test Case Start
TpTrace Verbose: 0 : 5180, 8, 2024/04/16, 16:13:01.404, 857571365838, datacollector.dll, MulticastDelegateUtilities.SafeInvoke: DataCollectionEvents.TestCaseStart: Invoking callback 1/1 for Microsoft.TestPlatform.Extensions.BlameDataCollector.BlameCollector., took 0 ms.
TpTrace Information: 0 : 5180, 8, 2024/04/16, 16:13:01.404, 857571367960, datacollector.dll, DataCollectionTestCaseEventHandler: Test case 'GetAllIdeas_ShouldReturnNonEmptyArray - 705dae6b-a618-688a-022a-18c8a933d50f' started.
TpTrace Information: 0 : 5180, 8, 2024/04/16, 16:13:01.473, 857572057069, datacollector.dll, DataCollectionTestCaseEventHandler: Test case completing.
TpTrace Information: 0 : 5180, 8, 2024/04/16, 16:13:01.474, 857572065855, datacollector.dll, BlameCollector.EventsTestCaseEnd: Test Case End
TpTrace Verbose: 0 : 5180, 8, 2024/04/16, 16:13:01.474, 857572066827, datacollector.dll, MulticastDelegateUtilities.SafeInvoke: DataCollectionEvents.TestCaseEnd: Invoking callback 1/1 for Microsoft.TestPlatform.Extensions.BlameDataCollector.BlameCollector., took 0 ms.
TpTrace Information: 0 : 5180, 8, 2024/04/16, 16:13:01.474, 857572069340, datacollector.dll, DataCollectionTestCaseEventHandler: Test case 'GetAllIdeas_ShouldReturnNonEmptyArray - 705dae6b-a618-688a-022a-18c8a933d50f' completed
TpTrace Information: 0 : 5180, 8, 2024/04/16, 16:13:01.475, 857572079710, datacollector.dll, DataCollectionTestCaseEventHandler: Test case starting.
TpTrace Information: 0 : 5180, 8, 2024/04/16, 16:13:01.476, 857572085467, datacollector.dll, BlameCollector.EventsTestCaseStart: Test Case Start
TpTrace Verbose: 0 : 5180, 8, 2024/04/16, 16:13:01.476, 857572086124, datacollector.dll, MulticastDelegateUtilities.SafeInvoke: DataCollectionEvents.TestCaseStart: Invoking callback 1/1 for Microsoft.TestPlatform.Extensions.BlameDataCollector.BlameCollector., took 0 ms.
TpTrace Information: 0 : 5180, 8, 2024/04/16, 16:13:01.476, 857572087765, datacollector.dll, DataCollectionTestCaseEventHandler: Test case 'EditExistingIdea_ShouldSucceed - 15d7057e-de0e-1128-3734-52977dc66f03' started.
TpTrace Information: 0 : 5180, 8, 2024/04/16, 16:13:01.561, 857572943144, datacollector.dll, DataCollectionTestCaseEventHandler: Test case completing.
TpTrace Information: 0 : 5180, 8, 2024/04/16, 16:13:01.563, 857572955466, datacollector.dll, BlameCollector.EventsTestCaseEnd: Test Case End
TpTrace Verbose: 0 : 5180, 8, 2024/04/16, 16:13:01.563, 857572957033, datacollector.dll, MulticastDelegateUtilities.SafeInvoke: DataCollectionEvents.TestCaseEnd: Invoking callback 1/1 for Microsoft.TestPlatform.Extensions.BlameDataCollector.BlameCollector., took 0 ms.
TpTrace Information: 0 : 5180, 8, 2024/04/16, 16:13:01.563, 857572960178, datacollector.dll, DataCollectionTestCaseEventHandler: Test case 'EditExistingIdea_ShouldSucceed - 15d7057e-de0e-1128-3734-52977dc66f03' completed
TpTrace Information: 0 : 5180, 8, 2024/04/16, 16:13:01.564, 857572967627, datacollector.dll, DataCollectionTestCaseEventHandler: Test case starting.
TpTrace Information: 0 : 5180, 8, 2024/04/16, 16:13:01.564, 857572973069, datacollector.dll, BlameCollector.EventsTestCaseStart: Test Case Start
TpTrace Verbose: 0 : 5180, 8, 2024/04/16, 16:13:01.564, 857572973843, datacollector.dll, MulticastDelegateUtilities.SafeInvoke: DataCollectionEvents.TestCaseStart: Invoking callback 1/1 for Microsoft.TestPlatform.Extensions.BlameDataCollector.BlameCollector., took 0 ms.
TpTrace Information: 0 : 5180, 8, 2024/04/16, 16:13:01.565, 857572974888, datacollector.dll, DataCollectionTestCaseEventHandler: Test case 'DeleteExistingIdea_ShouldSucceed - 7574267b-f260-20b9-2eb9-6fdb69294269' started.
TpTrace Information: 0 : 5180, 8, 2024/04/16, 16:13:01.647, 857573797404, datacollector.dll, DataCollectionTestCaseEventHandler: Test case completing.
TpTrace Information: 0 : 5180, 8, 2024/04/16, 16:13:01.647, 857573803405, datacollector.dll, BlameCollector.EventsTestCaseEnd: Test Case End
TpTrace Verbose: 0 : 5180, 8, 2024/04/16, 16:13:01.647, 857573804353, datacollector.dll, MulticastDelegateUtilities.SafeInvoke: DataCollectionEvents.TestCaseEnd: Invoking callback 1/1 for Microsoft.TestPlatform.Extensions.BlameDataCollector.BlameCollector., took 0 ms.
TpTrace Information: 0 : 5180, 8, 2024/04/16, 16:13:01.648, 857573805773, datacollector.dll, DataCollectionTestCaseEventHandler: Test case 'DeleteExistingIdea_ShouldSucceed - 7574267b-f260-20b9-2eb9-6fdb69294269' completed
TpTrace Information: 0 : 5180, 8, 2024/04/16, 16:13:01.648, 857573813915, datacollector.dll, DataCollectionTestCaseEventHandler: Test case starting.
TpTrace Information: 0 : 5180, 8, 2024/04/16, 16:13:01.649, 857573822667, datacollector.dll, BlameCollector.EventsTestCaseStart: Test Case Start
TpTrace Verbose: 0 : 5180, 8, 2024/04/16, 16:13:01.649, 857573823574, datacollector.dll, MulticastDelegateUtilities.SafeInvoke: DataCollectionEvents.TestCaseStart: Invoking callback 1/1 for Microsoft.TestPlatform.Extensions.BlameDataCollector.BlameCollector., took 0 ms.
TpTrace Information: 0 : 5180, 8, 2024/04/16, 16:13:01.650, 857573824951, datacollector.dll, DataCollectionTestCaseEventHandler: Test case 'CreateIdea_WithoutRequiredFields_ShouldReturnBadRequest - abf07bd6-6d88-22d5-88c0-bd3df1219282' started.
TpTrace Information: 0 : 5180, 8, 2024/04/16, 16:13:01.734, 857574666668, datacollector.dll, DataCollectionTestCaseEventHandler: Test case completing.
TpTrace Information: 0 : 5180, 8, 2024/04/16, 16:13:01.734, 857574674706, datacollector.dll, BlameCollector.EventsTestCaseEnd: Test Case End
TpTrace Verbose: 0 : 5180, 8, 2024/04/16, 16:13:01.735, 857574675785, datacollector.dll, MulticastDelegateUtilities.SafeInvoke: DataCollectionEvents.TestCaseEnd: Invoking callback 1/1 for Microsoft.TestPlatform.Extensions.BlameDataCollector.BlameCollector., took 0 ms.
TpTrace Information: 0 : 5180, 8, 2024/04/16, 16:13:01.735, 857574677825, datacollector.dll, DataCollectionTestCaseEventHandler: Test case 'CreateIdea_WithoutRequiredFields_ShouldReturnBadRequest - abf07bd6-6d88-22d5-88c0-bd3df1219282' completed
TpTrace Information: 0 : 5180, 8, 2024/04/16, 16:13:01.736, 857574685173, datacollector.dll, DataCollectionTestCaseEventHandler: Test case starting.
TpTrace Information: 0 : 5180, 8, 2024/04/16, 16:13:01.736, 857574690543, datacollector.dll, BlameCollector.EventsTestCaseStart: Test Case Start
TpTrace Verbose: 0 : 5180, 8, 2024/04/16, 16:13:01.736, 857574691225, datacollector.dll, MulticastDelegateUtilities.SafeInvoke: DataCollectionEvents.TestCaseStart: Invoking callback 1/1 for Microsoft.TestPlatform.Extensions.BlameDataCollector.BlameCollector., took 0 ms.
TpTrace Information: 0 : 5180, 8, 2024/04/16, 16:13:01.736, 857574692453, datacollector.dll, DataCollectionTestCaseEventHandler: Test case 'EditNonExistingIdea_ShouldReturnNotFound - 65fd65ff-6fb5-0e90-5764-a0e5e742e50b' started.
TpTrace Information: 0 : 5180, 8, 2024/04/16, 16:13:01.824, 857575571349, datacollector.dll, DataCollectionTestCaseEventHandler: Test case completing.
TpTrace Information: 0 : 5180, 8, 2024/04/16, 16:13:01.829, 857575619786, datacollector.dll, BlameCollector.EventsTestCaseEnd: Test Case End
TpTrace Verbose: 0 : 5180, 8, 2024/04/16, 16:13:01.829, 857575621546, datacollector.dll, MulticastDelegateUtilities.SafeInvoke: DataCollectionEvents.TestCaseEnd: Invoking callback 1/1 for Microsoft.TestPlatform.Extensions.BlameDataCollector.BlameCollector., took 0 ms.
TpTrace Information: 0 : 5180, 8, 2024/04/16, 16:13:01.829, 857575623799, datacollector.dll, DataCollectionTestCaseEventHandler: Test case 'EditNonExistingIdea_ShouldReturnNotFound - 65fd65ff-6fb5-0e90-5764-a0e5e742e50b' completed
TpTrace Information: 0 : 5180, 8, 2024/04/16, 16:13:01.830, 857575634629, datacollector.dll, DataCollectionTestCaseEventHandler: Test case starting.
TpTrace Information: 0 : 5180, 8, 2024/04/16, 16:13:01.831, 857575641421, datacollector.dll, BlameCollector.EventsTestCaseStart: Test Case Start
TpTrace Verbose: 0 : 5180, 8, 2024/04/16, 16:13:01.831, 857575642230, datacollector.dll, MulticastDelegateUtilities.SafeInvoke: DataCollectionEvents.TestCaseStart: Invoking callback 1/1 for Microsoft.TestPlatform.Extensions.BlameDataCollector.BlameCollector., took 0 ms.
TpTrace Information: 0 : 5180, 8, 2024/04/16, 16:13:01.831, 857575643845, datacollector.dll, DataCollectionTestCaseEventHandler: Test case 'DeleteNonExistingIdea_ShouldReturnNotFound - 0f9e74dd-05f8-47d1-7a1f-cad2375c0acb' started.
TpTrace Information: 0 : 5180, 8, 2024/04/16, 16:13:01.907, 857576403139, datacollector.dll, DataCollectionTestCaseEventHandler: Test case completing.
TpTrace Information: 0 : 5180, 8, 2024/04/16, 16:13:01.908, 857576413422, datacollector.dll, BlameCollector.EventsTestCaseEnd: Test Case End
TpTrace Verbose: 0 : 5180, 8, 2024/04/16, 16:13:01.908, 857576414589, datacollector.dll, MulticastDelegateUtilities.SafeInvoke: DataCollectionEvents.TestCaseEnd: Invoking callback 1/1 for Microsoft.TestPlatform.Extensions.BlameDataCollector.BlameCollector., took 0 ms.
TpTrace Information: 0 : 5180, 8, 2024/04/16, 16:13:01.909, 857576416979, datacollector.dll, DataCollectionTestCaseEventHandler: Test case 'DeleteNonExistingIdea_ShouldReturnNotFound - 0f9e74dd-05f8-47d1-7a1f-cad2375c0acb' completed
TpTrace Information: 0 : 5180, 8, 2024/04/16, 16:13:01.927, 857576604176, datacollector.dll, DataCollectionTestCaseEventHandler: Test session ended
TpTrace Information: 0 : 5180, 1, 2024/04/16, 16:13:01.958, 857576914659, datacollector.dll, DataCollectionRequestHandler.ProcessRequests: Datacollector received message: (DataCollection.AfterTestRunEnd) -> {"MessageType":"DataCollection.AfterTestRunEnd","Payload":false}
TpTrace Information: 0 : 5180, 1, 2024/04/16, 16:13:01.959, 857576922597, datacollector.dll, Blame Collector: Session End
TpTrace Information: 0 : 5180, 1, 2024/04/16, 16:13:01.959, 857576923202, datacollector.dll, BlameCollector.CollectDumpAndAbortTesthost: Custom path to dump directory was provided via VSTEST_DUMP_PATH. Skipping attachment upload, the caller is responsible for collecting and uploading the dumps themselves.
TpTrace Verbose: 0 : 5180, 1, 2024/04/16, 16:13:01.959, 857576923836, datacollector.dll, MulticastDelegateUtilities.SafeInvoke: DataCollectionEvents.SessionEnd: Invoking callback 1/1 for Microsoft.TestPlatform.Extensions.BlameDataCollector.BlameCollector., took 0 ms.
TpTrace Information: 0 : 5180, 1, 2024/04/16, 16:13:01.960, 857576929846, datacollector.dll, DataCollectionManager.CleanupPlugins: CleanupPlugins called
TpTrace Verbose: 0 : 5180, 1, 2024/04/16, 16:13:01.960, 857576930341, datacollector.dll, DataCollectionManager.CleanupPlugins: Cleaning up 1 plugins
TpTrace Verbose: 0 : 5180, 1, 2024/04/16, 16:13:01.960, 857576931122, datacollector.dll, dataCollectorInfo.DisposeDataCollector: calling Dispose() on Microsoft.TestPlatform.Extensions.BlameDataCollector.BlameCollector
TpTrace Information: 0 : 5180, 1, 2024/04/16, 16:13:01.960, 857576931757, datacollector.dll, DataCollectionManager.CleanupPlugins: CleanupPlugins finished
TpTrace Information: 0 : 5180, 1, 2024/04/16, 16:13:01.964, 857576972414, datacollector.dll, DataCollectionRequestHandler.ProcessRequests : Session End message received from server. Closing the connection.
TpTrace Information: 0 : 5180, 1, 2024/04/16, 16:13:01.965, 857576974978, datacollector.dll, Closing the connection !
TpTrace Information: 0 : 5180, 1, 2024/04/16, 16:13:01.965, 857576975490, datacollector.dll, DataCollectionRequestHandler.ProcessRequests : DataCollection completed
TpTrace Information: 0 : 5180, 1, 2024/04/16, 16:13:01.965, 857576975934, datacollector.dll, Program.Main: exiting datacollector process.
