TpTrace Verbose: 0 : 24204, 1, 2024/04/16, 16:12:59.921, 857556567682, testhost.dll, Version: 17.1.0
TpTrace Information: 0 : 24204, 1, 2024/04/16, 16:12:59.928, 857556613070, testhost.dll, DefaultEngineInvoker.Invoke: Testhost process started with args :[--port, 55458],[--endpoint, 127.0.0.1:055458],[--role, client],[--parentprocessid, 24508],[--diag, C:\Users\renet\source\repos\IdeaCenterExamPrep\IdeaCenterExamPrep\bin\Debug\net6.0\fine-code-coverage\coverage-tool-output\diagnostics.host.24-04-16_16-12-59_81027_5.log],[--tracelevel, 4],[--datacollectionport, 55457],[--telemetryoptedin, false]
TpTrace Information: 0 : 24204, 1, 2024/04/16, 16:12:59.932, 857556652696, testhost.dll, Setting up debug trace listener.
TpTrace Verbose: 0 : 24204, 1, 2024/04/16, 16:12:59.933, 857556655808, testhost.dll, TestPlatformTraceListener.Setup: Replacing listener 0 with TestHostTraceListener.
TpTrace Verbose: 0 : 24204, 1, 2024/04/16, 16:12:59.933, 857556656514, testhost.dll, TestPlatformTraceListener.Setup: Added test platform trace listener.
TpTrace Information: 0 : 24204, 1, 2024/04/16, 16:12:59.934, 857556670332, testhost.dll, DefaultEngineInvoker.SetParentProcessExitCallback: Monitoring parent process with id: '24508'
TpTrace Information: 0 : 24204, 1, 2024/04/16, 16:12:59.946, 857556794235, testhost.dll, DefaultEngineInvoker.GetConnectionInfo: Initialize communication on endpoint address: '127.0.0.1:055458'
TpTrace Information: 0 : 24204, 1, 2024/04/16, 16:12:59.954, 857556870403, testhost.dll, SocketClient.Start: connecting to server endpoint: 127.0.0.1:055458
TpTrace Information: 0 : 24204, 1, 2024/04/16, 16:12:59.961, 857556936062, testhost.dll, DefaultEngineInvoker.ConnectToDatacollector: Connecting to datacollector, port: 55457
TpTrace Information: 0 : 24204, 10, 2024/04/16, 16:12:59.962, 857556949270, testhost.dll, SocketClient.OnServerConnected: connected to server endpoint: 127.0.0.1:055458
TpTrace Verbose: 0 : 24204, 10, 2024/04/16, 16:12:59.964, 857556970240, testhost.dll, Connected to server, and starting MessageLoopAsync
TpTrace Information: 0 : 24204, 1, 2024/04/16, 16:12:59.964, 857556970855, testhost.dll, Trying to connect to server on socket : 127.0.0.1:55457 
TpTrace Verbose: 0 : 24204, 1, 2024/04/16, 16:12:59.964, 857556973965, testhost.dll, SocketCommunicationManager : SetupClientAsync : Attempting to connect to the server.
TpTrace Information: 0 : 24204, 9, 2024/04/16, 16:12:59.966, 857556991015, testhost.dll, Connected to the server successfully 
TpTrace Information: 0 : 24204, 9, 2024/04/16, 16:12:59.966, 857556992069, testhost.dll, Using the buffer size of 16384 bytes
TpTrace Information: 0 : 24204, 1, 2024/04/16, 16:12:59.967, 857556996547, testhost.dll, DefaultEngineInvoker.Invoke: Start Request Processing.
TpTrace Information: 0 : 24204, 12, 2024/04/16, 16:12:59.968, 857557005305, testhost.dll, DefaultEngineInvoker.StartProcessingAsync: Connected to vstest.console, Starting process requests.
TpTrace Verbose: 0 : 24204, 10, 2024/04/16, 16:12:59.968, 857557008245, testhost.dll, TcpClientExtensions.MessageLoopAsync: Polling on remoteEndPoint: [::ffff:127.0.0.1]:55458 localEndPoint: [::ffff:127.0.0.1]:55459
TpTrace Verbose: 0 : 24204, 10, 2024/04/16, 16:12:59.968, 857557011098, testhost.dll, TcpClientExtensions.MessageLoopAsync: NotifyDataAvailable remoteEndPoint: [::ffff:127.0.0.1]:55458 localEndPoint: [::ffff:127.0.0.1]:55459
TpTrace Information: 0 : 24204, 10, 2024/04/16, 16:13:00.079, 857558118956, testhost.dll, TestRequestHandler.OnMessageReceived: received message: (ProtocolVersion) -> 7
TpTrace Verbose: 0 : 24204, 10, 2024/04/16, 16:13:00.104, 857558371236, testhost.dll, TestRequestHandler.SendData:  sending data from testhost: {"Version":5,"MessageType":"TestSession.Message","Payload":{"MessageLevel":0,"Message":"Logging TestHost Diagnostics in file: C:\\Users\\renet\\source\\repos\\IdeaCenterExamPrep\\IdeaCenterExamPrep\\bin\\Debug\\net6.0\\fine-code-coverage\\coverage-tool-output\\diagnostics.host.24-04-16_16-12-59_81027_5.log"}}
TpTrace Verbose: 0 : 24204, 10, 2024/04/16, 16:13:00.104, 857558374230, testhost.dll, TcpClientExtensions.MessageLoopAsync: Polling on remoteEndPoint: [::ffff:127.0.0.1]:55458 localEndPoint: [::ffff:127.0.0.1]:55459
TpTrace Verbose: 0 : 24204, 10, 2024/04/16, 16:13:00.105, 857558375631, testhost.dll, TcpClientExtensions.MessageLoopAsync: NotifyDataAvailable remoteEndPoint: [::ffff:127.0.0.1]:55458 localEndPoint: [::ffff:127.0.0.1]:55459
TpTrace Information: 0 : 24204, 10, 2024/04/16, 16:13:00.108, 857558409847, testhost.dll, TestRequestHandler.OnMessageReceived: received message: (TestExecution.Initialize) -> [
  "C:\\Users\\renet\\source\\repos\\IdeaCenterExamPrep\\IdeaCenterExamPrep\\bin\\Debug\\net6.0\\fine-code-coverage\\build-output\\NUnit3.TestAdapter.dll"
]
TpTrace Verbose: 0 : 24204, 10, 2024/04/16, 16:13:00.114, 857558467163, testhost.dll, TcpClientExtensions.MessageLoopAsync: Polling on remoteEndPoint: [::ffff:127.0.0.1]:55458 localEndPoint: [::ffff:127.0.0.1]:55459
TpTrace Verbose: 0 : 24204, 10, 2024/04/16, 16:13:00.114, 857558468112, testhost.dll, TcpClientExtensions.MessageLoopAsync: NotifyDataAvailable remoteEndPoint: [::ffff:127.0.0.1]:55458 localEndPoint: [::ffff:127.0.0.1]:55459
TpTrace Information: 0 : 24204, 4, 2024/04/16, 16:13:00.114, 857558470603, testhost.dll, TestRequestHandler.OnMessageReceived: Running job 'TestExecution.Initialize'.
TpTrace Verbose: 0 : 24204, 4, 2024/04/16, 16:13:00.116, 857558488182, testhost.dll, TestExecutorService: Loading the extensions
TpTrace Information: 0 : 24204, 10, 2024/04/16, 16:13:00.116, 857558491932, testhost.dll, TestRequestHandler.OnMessageReceived: received message: (TestExecution.StartWithSources) -> {
  "AdapterSourceMap": {
    "_none_": [
      "C:\\Users\\renet\\source\\repos\\IdeaCenterExamPrep\\IdeaCenterExamPrep\\bin\\Debug\\net6.0\\fine-code-coverage\\build-output\\IdeaCenterExamPrep.dll"
    ]
  },
  "RunSettings": "<RunSettings>\r\n  <RunConfiguration>\r\n    <ResultsDirectory>C:\\Users\\renet\\source\\repos\\IdeaCenterExamPrep\\IdeaCenterExamPrep\\bin\\Debug\\net6.0\\fine-code-coverage\\coverage-tool-output</ResultsDirectory>\r\n    <TargetFrameworkVersion>.NETCoreApp,Version=v6.0</TargetFrameworkVersion>\r\n    <DesignMode>False</DesignMode>\r\n    <CollectSourceInformation>False</CollectSourceInformation>\r\n  </RunConfiguration>\r\n  <LoggerRunSettings>\r\n    <Loggers>\r\n      <Logger friendlyName=\"blame\" enabled=\"True\" />\r\n      <Logger friendlyName=\"Console\" uri=\"logger://microsoft/TestPlatform/ConsoleLogger/v1\" assemblyQualifiedName=\"Microsoft.VisualStudio.TestPlatform.CommandLine.Internal.ConsoleLogger, vstest.console, Version=15.0.0.0, Culture=neutral, PublicKeyToken=b03f5f7f11d50a3a\" codeBase=\"C:\\Program Files\\dotnet\\sdk\\8.0.204\\vstest.console.dll\" enabled=\"True\" />\r\n    </Loggers>\r\n  </LoggerRunSettings>\r\n  <DataCollectionRunSettings>\r\n    <DataCollectors>\r\n      <DataCollector friendlyName=\"blame\" enabled=\"True\">\r\n        <Configuration>\r\n          <ResultsDirectory>C:\\Users\\renet\\source\\repos\\IdeaCenterExamPrep\\IdeaCenterExamPrep\\bin\\Debug\\net6.0\\fine-code-coverage\\coverage-tool-output</ResultsDirectory>\r\n        </Configuration>\r\n      </DataCollector>\r\n    </DataCollectors>\r\n  </DataCollectionRunSettings>\r\n</RunSettings>",
  "TestExecutionContext": {
    "FrequencyOfRunStatsChangeEvent": 10,
    "RunStatsChangeEventTimeout": "00:00:01.5000000",
    "InIsolation": false,
    "KeepAlive": false,
    "AreTestCaseLevelEventsRequired": false,
    "IsDebug": false,
    "TestCaseFilter": null,
    "FilterOptions": null
  },
  "Package": null
}
TpTrace Verbose: 0 : 24204, 4, 2024/04/16, 16:13:00.118, 857558507651, testhost.dll, TestPluginCache.DiscoverTestExtensions: finding test extensions in assemblies ends with: TestAdapter.dll TPluginInfo: Microsoft.VisualStudio.TestPlatform.Common.ExtensionFramework.Utilities.TestExecutorPluginInformation TExtension: Microsoft.VisualStudio.TestPlatform.ObjectModel.Adapter.ITestExecutor
TpTrace Verbose: 0 : 24204, 4, 2024/04/16, 16:13:00.119, 857558522050, testhost.dll, TestPluginCache.GetExtensionPaths: Filtered extension paths: 
TpTrace Verbose: 0 : 24204, 4, 2024/04/16, 16:13:00.120, 857558525956, testhost.dll, TestPluginCache.GetExtensionPaths: Added default extension paths: C:\Users\renet\source\repos\IdeaCenterExamPrep\IdeaCenterExamPrep\bin\Debug\net6.0\fine-code-coverage\build-output\NUnit3.TestAdapter.dll
TpTrace Verbose: 0 : 24204, 4, 2024/04/16, 16:13:00.120, 857558526417, testhost.dll, TestPluginCache.GetExtensionPaths: Added unfilterableExtensionPaths: 
TpTrace Information: 0 : 24204, 4, 2024/04/16, 16:13:00.121, 857558538892, testhost.dll, AssemblyResolver.ctor: Creating AssemblyResolver with searchDirectories C:\Users\renet\source\repos\IdeaCenterExamPrep\IdeaCenterExamPrep\bin\Debug\net6.0\fine-code-coverage\build-output
TpTrace Verbose: 0 : 24204, 4, 2024/04/16, 16:13:00.122, 857558551254, testhost.dll, TestPluginCache.DiscoverTestExtensions: Discovering the extensions using extension path.
TpTrace Verbose: 0 : 24204, 4, 2024/04/16, 16:13:00.122, 857558552347, testhost.dll, TestPluginCache.GetExtensionPaths: Filtered extension paths: 
TpTrace Verbose: 0 : 24204, 4, 2024/04/16, 16:13:00.122, 857558552668, testhost.dll, TestPluginCache.GetExtensionPaths: Added default extension paths: C:\Users\renet\source\repos\IdeaCenterExamPrep\IdeaCenterExamPrep\bin\Debug\net6.0\fine-code-coverage\build-output\NUnit3.TestAdapter.dll
TpTrace Verbose: 0 : 24204, 4, 2024/04/16, 16:13:00.122, 857558552921, testhost.dll, TestPluginCache.GetExtensionPaths: Added unfilterableExtensionPaths: 
TpTrace Verbose: 0 : 24204, 4, 2024/04/16, 16:13:00.122, 857558553324, testhost.dll, TestPluginCache.DiscoverTestExtensions: Discovering the extensions using allExtensionPaths: C:\Users\renet\source\repos\IdeaCenterExamPrep\IdeaCenterExamPrep\bin\Debug\net6.0\fine-code-coverage\build-output\NUnit3.TestAdapter.dll
TpTrace Information: 0 : 24204, 4, 2024/04/16, 16:13:00.123, 857558560058, testhost.dll, AssemblyResolver.AddSearchDirectories: Adding more searchDirectories C:\Users\renet\source\repos\IdeaCenterExamPrep\IdeaCenterExamPrep\bin\Debug\net6.0\fine-code-coverage\build-output
TpTrace Information: 0 : 24204, 4, 2024/04/16, 16:13:00.128, 857558605279, testhost.dll, AssemblyResolver.OnResolve: NUnit3.TestAdapter: Resolving assembly.
TpTrace Information: 0 : 24204, 4, 2024/04/16, 16:13:00.128, 857558606208, testhost.dll, AssemblyResolver.OnResolve: NUnit3.TestAdapter: Searching in: 'C:\Users\renet\source\repos\IdeaCenterExamPrep\IdeaCenterExamPrep\bin\Debug\net6.0\fine-code-coverage\build-output'.
TpTrace Information: 0 : 24204, 4, 2024/04/16, 16:13:00.129, 857558615505, testhost.dll, AssemblyResolver.OnResolve: NUnit3.TestAdapter: Loading assembly 'C:\Users\renet\source\repos\IdeaCenterExamPrep\IdeaCenterExamPrep\bin\Debug\net6.0\fine-code-coverage\build-output\NUnit3.TestAdapter.dll'.
TpTrace Information: 0 : 24204, 4, 2024/04/16, 16:13:00.129, 857558620795, testhost.dll, AssemblyResolver.OnResolve: Resolved assembly: NUnit3.TestAdapter, from path: C:\Users\renet\source\repos\IdeaCenterExamPrep\IdeaCenterExamPrep\bin\Debug\net6.0\fine-code-coverage\build-output\NUnit3.TestAdapter.dll
TpTrace Verbose: 0 : 24204, 10, 2024/04/16, 16:13:00.139, 857558720887, testhost.dll, TcpClientExtensions.MessageLoopAsync: Polling on remoteEndPoint: [::ffff:127.0.0.1]:55458 localEndPoint: [::ffff:127.0.0.1]:55459
TpTrace Information: 0 : 24204, 4, 2024/04/16, 16:13:00.143, 857558757417, testhost.dll, AssemblyResolver.OnResolve: nunit.engine.api: Resolving assembly.
TpTrace Information: 0 : 24204, 4, 2024/04/16, 16:13:00.143, 857558758356, testhost.dll, AssemblyResolver.OnResolve: nunit.engine.api: Searching in: 'C:\Users\renet\source\repos\IdeaCenterExamPrep\IdeaCenterExamPrep\bin\Debug\net6.0\fine-code-coverage\build-output'.
TpTrace Information: 0 : 24204, 4, 2024/04/16, 16:13:00.143, 857558761142, testhost.dll, AssemblyResolver.OnResolve: nunit.engine.api: Loading assembly 'C:\Users\renet\source\repos\IdeaCenterExamPrep\IdeaCenterExamPrep\bin\Debug\net6.0\fine-code-coverage\build-output\nunit.engine.api.dll'.
TpTrace Information: 0 : 24204, 4, 2024/04/16, 16:13:00.144, 857558764940, testhost.dll, AssemblyResolver.OnResolve: Resolved assembly: nunit.engine.api, from path: C:\Users\renet\source\repos\IdeaCenterExamPrep\IdeaCenterExamPrep\bin\Debug\net6.0\fine-code-coverage\build-output\nunit.engine.api.dll
TpTrace Verbose: 0 : 24204, 4, 2024/04/16, 16:13:00.148, 857558811925, testhost.dll, TestPluginCache: Discovered the extensions using extension path ''.
TpTrace Verbose: 0 : 24204, 4, 2024/04/16, 16:13:00.149, 857558816254, testhost.dll, TestPluginCache: Discoverers are ''.
TpTrace Verbose: 0 : 24204, 4, 2024/04/16, 16:13:00.149, 857558817218, testhost.dll, TestPluginCache: Executors are 'executor://NUnit3TestExecutor'.
TpTrace Verbose: 0 : 24204, 4, 2024/04/16, 16:13:00.149, 857558817890, testhost.dll, TestPluginCache: Executors2 are ''.
TpTrace Verbose: 0 : 24204, 4, 2024/04/16, 16:13:00.149, 857558818387, testhost.dll, TestPluginCache: Setting providers are ''.
TpTrace Verbose: 0 : 24204, 4, 2024/04/16, 16:13:00.149, 857558818855, testhost.dll, TestPluginCache: Loggers are ''.
TpTrace Verbose: 0 : 24204, 4, 2024/04/16, 16:13:00.153, 857558861078, testhost.dll, TestPluginCache.DiscoverTestExtensions: finding test extensions in assemblies ends with: TestAdapter.dll TPluginInfo: Microsoft.VisualStudio.TestPlatform.Common.ExtensionFramework.Utilities.TestExecutorPluginInformation2 TExtension: Microsoft.VisualStudio.TestPlatform.ObjectModel.Adapter.ITestExecutor2
TpTrace Verbose: 0 : 24204, 4, 2024/04/16, 16:13:00.154, 857558865027, testhost.dll, TestPluginCache.GetExtensionPaths: Filtered extension paths: 
TpTrace Verbose: 0 : 24204, 4, 2024/04/16, 16:13:00.154, 857558865428, testhost.dll, TestPluginCache.GetExtensionPaths: Added default extension paths: C:\Users\renet\source\repos\IdeaCenterExamPrep\IdeaCenterExamPrep\bin\Debug\net6.0\fine-code-coverage\build-output\NUnit3.TestAdapter.dll
TpTrace Verbose: 0 : 24204, 4, 2024/04/16, 16:13:00.154, 857558865683, testhost.dll, TestPluginCache.GetExtensionPaths: Added unfilterableExtensionPaths: 
TpTrace Information: 0 : 24204, 4, 2024/04/16, 16:13:00.154, 857558867848, testhost.dll, AssemblyResolver.AddSearchDirectories: Adding more searchDirectories C:\Users\renet\source\repos\IdeaCenterExamPrep\IdeaCenterExamPrep\bin\Debug\net6.0\fine-code-coverage\build-output
TpTrace Verbose: 0 : 24204, 4, 2024/04/16, 16:13:00.154, 857558868379, testhost.dll, TestPluginCache.DiscoverTestExtensions: Discovering the extensions using extension path.
TpTrace Verbose: 0 : 24204, 4, 2024/04/16, 16:13:00.154, 857558868921, testhost.dll, TestPluginCache.GetExtensionPaths: Filtered extension paths: 
TpTrace Verbose: 0 : 24204, 4, 2024/04/16, 16:13:00.154, 857558869288, testhost.dll, TestPluginCache.GetExtensionPaths: Added default extension paths: C:\Users\renet\source\repos\IdeaCenterExamPrep\IdeaCenterExamPrep\bin\Debug\net6.0\fine-code-coverage\build-output\NUnit3.TestAdapter.dll
TpTrace Verbose: 0 : 24204, 4, 2024/04/16, 16:13:00.154, 857558869513, testhost.dll, TestPluginCache.GetExtensionPaths: Added unfilterableExtensionPaths: 
TpTrace Verbose: 0 : 24204, 4, 2024/04/16, 16:13:00.154, 857558870115, testhost.dll, TestPluginCache.DiscoverTestExtensions: Discovering the extensions using allExtensionPaths: C:\Users\renet\source\repos\IdeaCenterExamPrep\IdeaCenterExamPrep\bin\Debug\net6.0\fine-code-coverage\build-output\NUnit3.TestAdapter.dll
TpTrace Information: 0 : 24204, 4, 2024/04/16, 16:13:00.154, 857558870915, testhost.dll, AssemblyResolver.AddSearchDirectories: Adding more searchDirectories C:\Users\renet\source\repos\IdeaCenterExamPrep\IdeaCenterExamPrep\bin\Debug\net6.0\fine-code-coverage\build-output
TpTrace Verbose: 0 : 24204, 4, 2024/04/16, 16:13:00.154, 857558873600, testhost.dll, TestPluginCache: Discovered the extensions using extension path ''.
TpTrace Verbose: 0 : 24204, 4, 2024/04/16, 16:13:00.154, 857558873946, testhost.dll, TestPluginCache: Discoverers are ''.
TpTrace Verbose: 0 : 24204, 4, 2024/04/16, 16:13:00.154, 857558874530, testhost.dll, TestPluginCache: Executors are 'executor://NUnit3TestExecutor'.
TpTrace Verbose: 0 : 24204, 4, 2024/04/16, 16:13:00.155, 857558875437, testhost.dll, TestPluginCache: Executors2 are ''.
TpTrace Verbose: 0 : 24204, 4, 2024/04/16, 16:13:00.155, 857558875800, testhost.dll, TestPluginCache: Setting providers are ''.
TpTrace Verbose: 0 : 24204, 4, 2024/04/16, 16:13:00.155, 857558876026, testhost.dll, TestPluginCache: Loggers are ''.
TpTrace Information: 0 : 24204, 4, 2024/04/16, 16:13:00.159, 857558917077, testhost.dll, TestPluginManager.CreateTestExtension: Attempting to load test extension: NUnit.VisualStudio.TestAdapter.NUnit3TestExecutor
TpTrace Verbose: 0 : 24204, 4, 2024/04/16, 16:13:00.159, 857558920597, testhost.dll, TestExecutorExtensionManager: Loading executor NUnit.VisualStudio.TestAdapter.NUnit3TestExecutor
TpTrace Verbose: 0 : 24204, 4, 2024/04/16, 16:13:00.159, 857558921023, testhost.dll, TestExecutorService: Loaded the executors
TpTrace Verbose: 0 : 24204, 4, 2024/04/16, 16:13:00.160, 857558928288, testhost.dll, TestPluginCache.DiscoverTestExtensions: finding test extensions in assemblies ends with: TestAdapter.dll TPluginInfo: Microsoft.VisualStudio.TestPlatform.Common.ExtensionFramework.Utilities.TestSettingsProviderPluginInformation TExtension: Microsoft.VisualStudio.TestPlatform.ObjectModel.Adapter.ISettingsProvider
TpTrace Verbose: 0 : 24204, 4, 2024/04/16, 16:13:00.160, 857558929030, testhost.dll, TestPluginCache.GetExtensionPaths: Filtered extension paths: 
TpTrace Verbose: 0 : 24204, 4, 2024/04/16, 16:13:00.160, 857558929350, testhost.dll, TestPluginCache.GetExtensionPaths: Added default extension paths: C:\Users\renet\source\repos\IdeaCenterExamPrep\IdeaCenterExamPrep\bin\Debug\net6.0\fine-code-coverage\build-output\NUnit3.TestAdapter.dll
TpTrace Verbose: 0 : 24204, 4, 2024/04/16, 16:13:00.160, 857558929597, testhost.dll, TestPluginCache.GetExtensionPaths: Added unfilterableExtensionPaths: 
TpTrace Information: 0 : 24204, 4, 2024/04/16, 16:13:00.160, 857558930620, testhost.dll, AssemblyResolver.AddSearchDirectories: Adding more searchDirectories C:\Users\renet\source\repos\IdeaCenterExamPrep\IdeaCenterExamPrep\bin\Debug\net6.0\fine-code-coverage\build-output
TpTrace Verbose: 0 : 24204, 4, 2024/04/16, 16:13:00.160, 857558930944, testhost.dll, TestPluginCache.DiscoverTestExtensions: Discovering the extensions using extension path.
TpTrace Verbose: 0 : 24204, 4, 2024/04/16, 16:13:00.160, 857558931196, testhost.dll, TestPluginCache.GetExtensionPaths: Filtered extension paths: 
TpTrace Verbose: 0 : 24204, 4, 2024/04/16, 16:13:00.160, 857558931461, testhost.dll, TestPluginCache.GetExtensionPaths: Added default extension paths: C:\Users\renet\source\repos\IdeaCenterExamPrep\IdeaCenterExamPrep\bin\Debug\net6.0\fine-code-coverage\build-output\NUnit3.TestAdapter.dll
TpTrace Verbose: 0 : 24204, 4, 2024/04/16, 16:13:00.160, 857558931697, testhost.dll, TestPluginCache.GetExtensionPaths: Added unfilterableExtensionPaths: 
TpTrace Verbose: 0 : 24204, 4, 2024/04/16, 16:13:00.160, 857558931939, testhost.dll, TestPluginCache.DiscoverTestExtensions: Discovering the extensions using allExtensionPaths: C:\Users\renet\source\repos\IdeaCenterExamPrep\IdeaCenterExamPrep\bin\Debug\net6.0\fine-code-coverage\build-output\NUnit3.TestAdapter.dll
TpTrace Information: 0 : 24204, 4, 2024/04/16, 16:13:00.160, 857558932270, testhost.dll, AssemblyResolver.AddSearchDirectories: Adding more searchDirectories C:\Users\renet\source\repos\IdeaCenterExamPrep\IdeaCenterExamPrep\bin\Debug\net6.0\fine-code-coverage\build-output
TpTrace Verbose: 0 : 24204, 4, 2024/04/16, 16:13:00.160, 857558934500, testhost.dll, TestPluginCache: Discovered the extensions using extension path ''.
TpTrace Verbose: 0 : 24204, 4, 2024/04/16, 16:13:00.161, 857558934921, testhost.dll, TestPluginCache: Discoverers are ''.
TpTrace Verbose: 0 : 24204, 4, 2024/04/16, 16:13:00.161, 857558935177, testhost.dll, TestPluginCache: Executors are 'executor://NUnit3TestExecutor'.
TpTrace Verbose: 0 : 24204, 4, 2024/04/16, 16:13:00.161, 857558935407, testhost.dll, TestPluginCache: Executors2 are ''.
TpTrace Verbose: 0 : 24204, 4, 2024/04/16, 16:13:00.161, 857558935741, testhost.dll, TestPluginCache: Setting providers are ''.
TpTrace Verbose: 0 : 24204, 4, 2024/04/16, 16:13:00.161, 857558935995, testhost.dll, TestPluginCache: Loggers are ''.
TpTrace Verbose: 0 : 24204, 4, 2024/04/16, 16:13:00.161, 857558943526, testhost.dll, TestExecutorService: Loaded the settings providers
TpTrace Information: 0 : 24204, 4, 2024/04/16, 16:13:00.161, 857558943943, testhost.dll, TestExecutorService: Loaded the extensions
TpTrace Information: 0 : 24204, 4, 2024/04/16, 16:13:00.162, 857558948139, testhost.dll, TestRequestHandler.OnMessageReceived: Running job 'TestExecution.StartWithSources'.
TpTrace Information: 0 : 24204, 4, 2024/04/16, 16:13:00.236, 857559691868, testhost.dll, TestDiscoveryManager: Discovering tests from sources C:\Users\renet\source\repos\IdeaCenterExamPrep\IdeaCenterExamPrep\bin\Debug\net6.0\fine-code-coverage\build-output\IdeaCenterExamPrep.dll
TpTrace Verbose: 0 : 24204, 4, 2024/04/16, 16:13:00.239, 857559715600, testhost.dll, TestPluginCache.DiscoverTestExtensions: finding test extensions in assemblies ends with: TestAdapter.dll TPluginInfo: Microsoft.VisualStudio.TestPlatform.Common.ExtensionFramework.Utilities.TestDiscovererPluginInformation TExtension: Microsoft.VisualStudio.TestPlatform.ObjectModel.Adapter.ITestDiscoverer
TpTrace Verbose: 0 : 24204, 4, 2024/04/16, 16:13:00.239, 857559716419, testhost.dll, TestPluginCache.GetExtensionPaths: Filtered extension paths: 
TpTrace Verbose: 0 : 24204, 4, 2024/04/16, 16:13:00.239, 857559716743, testhost.dll, TestPluginCache.GetExtensionPaths: Added default extension paths: C:\Users\renet\source\repos\IdeaCenterExamPrep\IdeaCenterExamPrep\bin\Debug\net6.0\fine-code-coverage\build-output\NUnit3.TestAdapter.dll
TpTrace Verbose: 0 : 24204, 4, 2024/04/16, 16:13:00.239, 857559716987, testhost.dll, TestPluginCache.GetExtensionPaths: Added unfilterableExtensionPaths: 
TpTrace Information: 0 : 24204, 4, 2024/04/16, 16:13:00.239, 857559717929, testhost.dll, AssemblyResolver.AddSearchDirectories: Adding more searchDirectories C:\Users\renet\source\repos\IdeaCenterExamPrep\IdeaCenterExamPrep\bin\Debug\net6.0\fine-code-coverage\build-output
TpTrace Verbose: 0 : 24204, 4, 2024/04/16, 16:13:00.239, 857559718292, testhost.dll, TestPluginCache.DiscoverTestExtensions: Discovering the extensions using extension path.
TpTrace Verbose: 0 : 24204, 4, 2024/04/16, 16:13:00.239, 857559718570, testhost.dll, TestPluginCache.GetExtensionPaths: Filtered extension paths: 
TpTrace Verbose: 0 : 24204, 4, 2024/04/16, 16:13:00.239, 857559718838, testhost.dll, TestPluginCache.GetExtensionPaths: Added default extension paths: C:\Users\renet\source\repos\IdeaCenterExamPrep\IdeaCenterExamPrep\bin\Debug\net6.0\fine-code-coverage\build-output\NUnit3.TestAdapter.dll
TpTrace Verbose: 0 : 24204, 4, 2024/04/16, 16:13:00.239, 857559719064, testhost.dll, TestPluginCache.GetExtensionPaths: Added unfilterableExtensionPaths: 
TpTrace Verbose: 0 : 24204, 4, 2024/04/16, 16:13:00.239, 857559719488, testhost.dll, TestPluginCache.DiscoverTestExtensions: Discovering the extensions using allExtensionPaths: C:\Users\renet\source\repos\IdeaCenterExamPrep\IdeaCenterExamPrep\bin\Debug\net6.0\fine-code-coverage\build-output\NUnit3.TestAdapter.dll
TpTrace Information: 0 : 24204, 4, 2024/04/16, 16:13:00.239, 857559719972, testhost.dll, AssemblyResolver.AddSearchDirectories: Adding more searchDirectories C:\Users\renet\source\repos\IdeaCenterExamPrep\IdeaCenterExamPrep\bin\Debug\net6.0\fine-code-coverage\build-output
TpTrace Verbose: 0 : 24204, 4, 2024/04/16, 16:13:00.241, 857559740373, testhost.dll, TestPluginCache: Discovered the extensions using extension path ''.
TpTrace Verbose: 0 : 24204, 4, 2024/04/16, 16:13:00.241, 857559740945, testhost.dll, TestPluginCache: Discoverers are 'NUnit.VisualStudio.TestAdapter.NUnit3TestDiscoverer, NUnit3.TestAdapter, Version=4.2.0.0, Culture=neutral, PublicKeyToken=4cb40d35494691ac'.
TpTrace Verbose: 0 : 24204, 4, 2024/04/16, 16:13:00.241, 857559741314, testhost.dll, TestPluginCache: Executors are 'executor://NUnit3TestExecutor'.
TpTrace Verbose: 0 : 24204, 4, 2024/04/16, 16:13:00.241, 857559741596, testhost.dll, TestPluginCache: Executors2 are ''.
TpTrace Verbose: 0 : 24204, 4, 2024/04/16, 16:13:00.241, 857559741849, testhost.dll, TestPluginCache: Setting providers are ''.
TpTrace Verbose: 0 : 24204, 4, 2024/04/16, 16:13:00.241, 857559742067, testhost.dll, TestPluginCache: Loggers are ''.
TpTrace Information: 0 : 24204, 4, 2024/04/16, 16:13:00.248, 857559813049, testhost.dll, PEReaderHelper.GetAssemblyType: Determined assemblyType:'Managed' for source: 'C:\Users\renet\source\repos\IdeaCenterExamPrep\IdeaCenterExamPrep\bin\Debug\net6.0\fine-code-coverage\build-output\IdeaCenterExamPrep.dll'
TpTrace Verbose: 0 : 24204, 4, 2024/04/16, 16:13:00.255, 857559876582, testhost.dll, BaseRunTests.RunTestInternalWithExecutors: Running tests for executor://NUnit3TestExecutor
TpTrace Information: 0 : 24204, 4, 2024/04/16, 16:13:00.257, 857559898881, testhost.dll, AssemblyResolver.OnResolve: nunit.engine.core: Resolving assembly.
TpTrace Information: 0 : 24204, 4, 2024/04/16, 16:13:00.257, 857559899692, testhost.dll, AssemblyResolver.OnResolve: nunit.engine.core: Searching in: 'C:\Users\renet\source\repos\IdeaCenterExamPrep\IdeaCenterExamPrep\bin\Debug\net6.0\fine-code-coverage\build-output'.
TpTrace Information: 0 : 24204, 4, 2024/04/16, 16:13:00.257, 857559901690, testhost.dll, AssemblyResolver.OnResolve: nunit.engine.core: Loading assembly 'C:\Users\renet\source\repos\IdeaCenterExamPrep\IdeaCenterExamPrep\bin\Debug\net6.0\fine-code-coverage\build-output\nunit.engine.core.dll'.
TpTrace Information: 0 : 24204, 4, 2024/04/16, 16:13:00.258, 857559904905, testhost.dll, AssemblyResolver.OnResolve: Resolved assembly: nunit.engine.core, from path: C:\Users\renet\source\repos\IdeaCenterExamPrep\IdeaCenterExamPrep\bin\Debug\net6.0\fine-code-coverage\build-output\nunit.engine.core.dll
TpTrace Information: 0 : 24204, 4, 2024/04/16, 16:13:00.266, 857559988034, testhost.dll, NUnit Adapter 4.2.0.0: Test execution started
TpTrace Verbose: 0 : 24204, 4, 2024/04/16, 16:13:00.266, 857559989592, testhost.dll, TestRequestHandler.SendData:  sending data from testhost: {"Version":5,"MessageType":"TestSession.Message","Payload":{"MessageLevel":0,"Message":"NUnit Adapter 4.2.0.0: Test execution started"}}
TpTrace Information: 0 : 24204, 4, 2024/04/16, 16:13:00.298, 857560309034, testhost.dll, Running all tests in C:\Users\renet\source\repos\IdeaCenterExamPrep\IdeaCenterExamPrep\bin\Debug\net6.0\fine-code-coverage\build-output\IdeaCenterExamPrep.dll
TpTrace Verbose: 0 : 24204, 4, 2024/04/16, 16:13:00.298, 857560310715, testhost.dll, TestRequestHandler.SendData:  sending data from testhost: {"Version":5,"MessageType":"TestSession.Message","Payload":{"MessageLevel":0,"Message":"Running all tests in C:\\Users\\renet\\source\\repos\\IdeaCenterExamPrep\\IdeaCenterExamPrep\\bin\\Debug\\net6.0\\fine-code-coverage\\build-output\\IdeaCenterExamPrep.dll"}}
TpTrace Information: 0 : 24204, 4, 2024/04/16, 16:13:00.310, 857560425763, testhost.dll, AssemblyResolver.OnResolve: testcentric.engine.metadata: Resolving assembly.
TpTrace Information: 0 : 24204, 4, 2024/04/16, 16:13:00.310, 857560427134, testhost.dll, AssemblyResolver.OnResolve: testcentric.engine.metadata: Searching in: 'C:\Users\renet\source\repos\IdeaCenterExamPrep\IdeaCenterExamPrep\bin\Debug\net6.0\fine-code-coverage\build-output'.
TpTrace Information: 0 : 24204, 4, 2024/04/16, 16:13:00.310, 857560431234, testhost.dll, AssemblyResolver.OnResolve: testcentric.engine.metadata: Loading assembly 'C:\Users\renet\source\repos\IdeaCenterExamPrep\IdeaCenterExamPrep\bin\Debug\net6.0\fine-code-coverage\build-output\testcentric.engine.metadata.dll'.
TpTrace Information: 0 : 24204, 4, 2024/04/16, 16:13:00.311, 857560437146, testhost.dll, AssemblyResolver.OnResolve: Resolved assembly: testcentric.engine.metadata, from path: C:\Users\renet\source\repos\IdeaCenterExamPrep\IdeaCenterExamPrep\bin\Debug\net6.0\fine-code-coverage\build-output\testcentric.engine.metadata.dll
TpTrace Information: 0 : 24204, 4, 2024/04/16, 16:13:00.437, 857561695107, testhost.dll,    NUnit3TestExecutor discovered 7 of 7 NUnit test cases using Current Discovery mode, Non-Explicit run
TpTrace Verbose: 0 : 24204, 4, 2024/04/16, 16:13:00.437, 857561696839, testhost.dll, TestRequestHandler.SendData:  sending data from testhost: {"Version":5,"MessageType":"TestSession.Message","Payload":{"MessageLevel":0,"Message":"   NUnit3TestExecutor discovered 7 of 7 NUnit test cases using Current Discovery mode, Non-Explicit run"}}
TpTrace Verbose: 0 : 24204, 14, 2024/04/16, 16:13:01.026, 857567585413, testhost.dll, TestExecutionRecorder.RecordStart: Starting test: IdeaCenterExamPrep.IdeaCenterApiTests.CreateIdea_WithRequiredFields_ShouldSucceed.
TpTrace Verbose: 0 : 24204, 10, 2024/04/16, 16:13:01.147, 857568800980, testhost.dll, TcpClientExtensions.MessageLoopAsync: Polling on remoteEndPoint: [::ffff:127.0.0.1]:55458 localEndPoint: [::ffff:127.0.0.1]:55459
TpTrace Verbose: 0 : 24204, 14, 2024/04/16, 16:13:01.382, 857571149076, testhost.dll, TestExecutionRecorder.RecordEnd: test: IdeaCenterExamPrep.IdeaCenterApiTests.CreateIdea_WithRequiredFields_ShouldSucceed execution completed.
TpTrace Verbose: 0 : 24204, 14, 2024/04/16, 16:13:01.397, 857571297629, testhost.dll, TestExecutionRecorder.RecordResult: Received result for test: IdeaCenterExamPrep.IdeaCenterApiTests.CreateIdea_WithRequiredFields_ShouldSucceed.
TpTrace Warning: 0 : 24204, 14, 2024/04/16, 16:13:01.402, 857571347861, testhost.dll, TestRunCache: InProgressTests is null
TpTrace Warning: 0 : 24204, 14, 2024/04/16, 16:13:01.402, 857571349746, testhost.dll, TestRunCache: No test found corresponding to testResult 'CreateIdea_WithRequiredFields_ShouldSucceed' in inProgress list.
TpTrace Verbose: 0 : 24204, 14, 2024/04/16, 16:13:01.402, 857571351457, testhost.dll, TestExecutionRecorder.RecordStart: Starting test: IdeaCenterExamPrep.IdeaCenterApiTests.GetAllIdeas_ShouldReturnNonEmptyArray.
TpTrace Verbose: 0 : 24204, 14, 2024/04/16, 16:13:01.472, 857572052580, testhost.dll, TestExecutionRecorder.RecordEnd: test: IdeaCenterExamPrep.IdeaCenterApiTests.GetAllIdeas_ShouldReturnNonEmptyArray execution completed.
TpTrace Verbose: 0 : 24204, 14, 2024/04/16, 16:13:01.474, 857572070604, testhost.dll, TestExecutionRecorder.RecordResult: Received result for test: IdeaCenterExamPrep.IdeaCenterApiTests.GetAllIdeas_ShouldReturnNonEmptyArray.
TpTrace Warning: 0 : 24204, 14, 2024/04/16, 16:13:01.474, 857572072145, testhost.dll, TestRunCache: InProgressTests is null
TpTrace Warning: 0 : 24204, 14, 2024/04/16, 16:13:01.474, 857572072709, testhost.dll, TestRunCache: No test found corresponding to testResult 'GetAllIdeas_ShouldReturnNonEmptyArray' in inProgress list.
TpTrace Verbose: 0 : 24204, 14, 2024/04/16, 16:13:01.474, 857572074420, testhost.dll, TestExecutionRecorder.RecordStart: Starting test: IdeaCenterExamPrep.IdeaCenterApiTests.EditExistingIdea_ShouldSucceed.
TpTrace Verbose: 0 : 24204, 14, 2024/04/16, 16:13:01.561, 857572936559, testhost.dll, TestExecutionRecorder.RecordEnd: test: IdeaCenterExamPrep.IdeaCenterApiTests.EditExistingIdea_ShouldSucceed execution completed.
TpTrace Verbose: 0 : 24204, 14, 2024/04/16, 16:13:01.563, 857572961158, testhost.dll, TestExecutionRecorder.RecordResult: Received result for test: IdeaCenterExamPrep.IdeaCenterApiTests.EditExistingIdea_ShouldSucceed.
TpTrace Warning: 0 : 24204, 14, 2024/04/16, 16:13:01.563, 857572962207, testhost.dll, TestRunCache: InProgressTests is null
TpTrace Warning: 0 : 24204, 14, 2024/04/16, 16:13:01.563, 857572962644, testhost.dll, TestRunCache: No test found corresponding to testResult 'EditExistingIdea_ShouldSucceed' in inProgress list.
TpTrace Verbose: 0 : 24204, 14, 2024/04/16, 16:13:01.563, 857572963984, testhost.dll, TestExecutionRecorder.RecordStart: Starting test: IdeaCenterExamPrep.IdeaCenterApiTests.DeleteExistingIdea_ShouldSucceed.
TpTrace Verbose: 0 : 24204, 14, 2024/04/16, 16:13:01.646, 857573792620, testhost.dll, TestExecutionRecorder.RecordEnd: test: IdeaCenterExamPrep.IdeaCenterApiTests.DeleteExistingIdea_ShouldSucceed execution completed.
TpTrace Verbose: 0 : 24204, 14, 2024/04/16, 16:13:01.648, 857573806497, testhost.dll, TestExecutionRecorder.RecordResult: Received result for test: IdeaCenterExamPrep.IdeaCenterApiTests.DeleteExistingIdea_ShouldSucceed.
TpTrace Warning: 0 : 24204, 14, 2024/04/16, 16:13:01.648, 857573807643, testhost.dll, TestRunCache: InProgressTests is null
TpTrace Warning: 0 : 24204, 14, 2024/04/16, 16:13:01.648, 857573807962, testhost.dll, TestRunCache: No test found corresponding to testResult 'DeleteExistingIdea_ShouldSucceed' in inProgress list.
TpTrace Verbose: 0 : 24204, 14, 2024/04/16, 16:13:01.648, 857573809412, testhost.dll, TestExecutionRecorder.RecordStart: Starting test: IdeaCenterExamPrep.IdeaCenterApiTests.CreateIdea_WithoutRequiredFields_ShouldReturnBadRequest.
TpTrace Information: 0 : 24204, 9, 2024/04/16, 16:13:01.682, 857574150905, testhost.dll, Sending test run statistics
TpTrace Verbose: 0 : 24204, 9, 2024/04/16, 16:13:01.713, 857574455438, testhost.dll, TestRequestHandler.SendData:  sending data from testhost: {"Version":5,"MessageType":"TestExecution.StatsChange","Payload":{"NewTestResults":[{"TestCase":{"Id":"c5ac1155-1249-10d9-1757-49c91ca562bc","FullyQualifiedName":"IdeaCenterExamPrep.IdeaCenterApiTests.CreateIdea_WithRequiredFields_ShouldSucceed","DisplayName":"CreateIdea_WithRequiredFields_ShouldSucceed","ExecutorUri":"executor://NUnit3TestExecutor","Source":"C:\\Users\\renet\\source\\repos\\IdeaCenterExamPrep\\IdeaCenterExamPrep\\bin\\Debug\\net6.0\\fine-code-coverage\\build-output\\IdeaCenterExamPrep.dll","CodeFilePath":null,"LineNumber":0,"Properties":[{"Key":{"Id":"NUnit.Seed","Label":"Seed","Category":"","Description":"","Attributes":0,"ValueType":"System.String"},"Value":"1188662089"}]},"Attachments":[],"Outcome":1,"ErrorMessage":null,"ErrorStackTrace":null,"DisplayName":"CreateIdea_WithRequiredFields_ShouldSucceed","Messages":[],"ComputerName":"DESKTOP-1HSFP93","Duration":"00:00:00.3488180","StartTime":"2024-04-16T13:13:01.0244827+00:00","EndTime":"2024-04-16T13:13:01.3732211+00:00","Properties":[{"Key":{"Id":"NUnit.Seed","Label":"Seed","Category":"","Description":"","Attributes":0,"ValueType":"System.String"},"Value":"1188662089"}]},{"TestCase":{"Id":"705dae6b-a618-688a-022a-18c8a933d50f","FullyQualifiedName":"IdeaCenterExamPrep.IdeaCenterApiTests.GetAllIdeas_ShouldReturnNonEmptyArray","DisplayName":"GetAllIdeas_ShouldReturnNonEmptyArray","ExecutorUri":"executor://NUnit3TestExecutor","Source":"C:\\Users\\renet\\source\\repos\\IdeaCenterExamPrep\\IdeaCenterExamPrep\\bin\\Debug\\net6.0\\fine-code-coverage\\build-output\\IdeaCenterExamPrep.dll","CodeFilePath":null,"LineNumber":0,"Properties":[{"Key":{"Id":"NUnit.Seed","Label":"Seed","Category":"","Description":"","Attributes":0,"ValueType":"System.String"},"Value":"1238609472"}]},"Attachments":[],"Outcome":1,"ErrorMessage":null,"ErrorStackTrace":null,"DisplayName":"GetAllIdeas_ShouldReturnNonEmptyArray","Messages":[],"ComputerName":"DESKTOP-1HSFP93","Duration":"00:00:00.0976030","StartTime":"2024-04-16T13:13:01.3747886+00:00","EndTime":"2024-04-16T13:13:01.4723904+00:00","Properties":[{"Key":{"Id":"NUnit.Seed","Label":"Seed","Category":"","Description":"","Attributes":0,"ValueType":"System.String"},"Value":"1238609472"}]},{"TestCase":{"Id":"15d7057e-de0e-1128-3734-52977dc66f03","FullyQualifiedName":"IdeaCenterExamPrep.IdeaCenterApiTests.EditExistingIdea_ShouldSucceed","DisplayName":"EditExistingIdea_ShouldSucceed","ExecutorUri":"executor://NUnit3TestExecutor","Source":"C:\\Users\\renet\\source\\repos\\IdeaCenterExamPrep\\IdeaCenterExamPrep\\bin\\Debug\\net6.0\\fine-code-coverage\\build-output\\IdeaCenterExamPrep.dll","CodeFilePath":null,"LineNumber":0,"Properties":[{"Key":{"Id":"NUnit.Seed","Label":"Seed","Category":"","Description":"","Attributes":0,"ValueType":"System.String"},"Value":"2084074921"}]},"Attachments":[],"Outcome":1,"ErrorMessage":null,"ErrorStackTrace":null,"DisplayName":"EditExistingIdea_ShouldSucceed","Messages":[],"ComputerName":"DESKTOP-1HSFP93","Duration":"00:00:00.0883420","StartTime":"2024-04-16T13:13:01.4724331+00:00","EndTime":"2024-04-16T13:13:01.5607751+00:00","Properties":[{"Key":{"Id":"NUnit.Seed","Label":"Seed","Category":"","Description":"","Attributes":0,"ValueType":"System.String"},"Value":"2084074921"}]},{"TestCase":{"Id":"7574267b-f260-20b9-2eb9-6fdb69294269","FullyQualifiedName":"IdeaCenterExamPrep.IdeaCenterApiTests.DeleteExistingIdea_ShouldSucceed","DisplayName":"DeleteExistingIdea_ShouldSucceed","ExecutorUri":"executor://NUnit3TestExecutor","Source":"C:\\Users\\renet\\source\\repos\\IdeaCenterExamPrep\\IdeaCenterExamPrep\\bin\\Debug\\net6.0\\fine-code-coverage\\build-output\\IdeaCenterExamPrep.dll","CodeFilePath":null,"LineNumber":0,"Properties":[{"Key":{"Id":"NUnit.Seed","Label":"Seed","Category":"","Description":"","Attributes":0,"ValueType":"System.String"},"Value":"461256796"}]},"Attachments":[],"Outcome":1,"ErrorMessage":null,"ErrorStackTrace":null,"DisplayName":"DeleteExistingIdea_ShouldSucceed","Messages":[],"ComputerName":"DESKTOP-1HSFP93","Duration":"00:00:00.0856760","StartTime":"2024-04-16T13:13:01.560812+00:00","EndTime":"2024-04-16T13:13:01.6464879+00:00","Properties":[{"Key":{"Id":"NUnit.Seed","Label":"Seed","Category":"","Description":"","Attributes":0,"ValueType":"System.String"},"Value":"461256796"}]}],"TestRunStatistics":{"ExecutedTests":4,"Stats":{"Passed":4}},"ActiveTests":[{"Id":"abf07bd6-6d88-22d5-88c0-bd3df1219282","FullyQualifiedName":"IdeaCenterExamPrep.IdeaCenterApiTests.CreateIdea_WithoutRequiredFields_ShouldReturnBadRequest","DisplayName":"CreateIdea_WithoutRequiredFields_ShouldReturnBadRequest","ExecutorUri":"executor://NUnit3TestExecutor","Source":"C:\\Users\\renet\\source\\repos\\IdeaCenterExamPrep\\IdeaCenterExamPrep\\bin\\Debug\\net6.0\\fine-code-coverage\\build-output\\IdeaCenterExamPrep.dll","CodeFilePath":null,"LineNumber":0,"Properties":[{"Key":{"Id":"NUnit.Seed","Label":"Seed","Category":"","Description":"","Attributes":0,"ValueType":"System.String"},"Value":"925181403"}]}]}}
TpTrace Verbose: 0 : 24204, 9, 2024/04/16, 16:13:01.713, 857574459614, testhost.dll, TestRunCache: OnNewTestResult: Notified the onCacheHit callback.
TpTrace Verbose: 0 : 24204, 14, 2024/04/16, 16:13:01.733, 857574658831, testhost.dll, TestExecutionRecorder.RecordEnd: test: IdeaCenterExamPrep.IdeaCenterApiTests.CreateIdea_WithoutRequiredFields_ShouldReturnBadRequest execution completed.
TpTrace Warning: 0 : 24204, 14, 2024/04/16, 16:13:01.733, 857574660619, testhost.dll, TestRunCache: InProgressTests is null
TpTrace Verbose: 0 : 24204, 14, 2024/04/16, 16:13:01.735, 857574678998, testhost.dll, TestExecutionRecorder.RecordResult: Received result for test: IdeaCenterExamPrep.IdeaCenterApiTests.CreateIdea_WithoutRequiredFields_ShouldReturnBadRequest.
TpTrace Warning: 0 : 24204, 14, 2024/04/16, 16:13:01.735, 857574680171, testhost.dll, TestRunCache: InProgressTests is null
TpTrace Warning: 0 : 24204, 14, 2024/04/16, 16:13:01.735, 857574680544, testhost.dll, TestRunCache: No test found corresponding to testResult 'CreateIdea_WithoutRequiredFields_ShouldReturnBadRequest' in inProgress list.
TpTrace Verbose: 0 : 24204, 14, 2024/04/16, 16:13:01.735, 857574681865, testhost.dll, TestExecutionRecorder.RecordStart: Starting test: IdeaCenterExamPrep.IdeaCenterApiTests.EditNonExistingIdea_ShouldReturnNotFound.
TpTrace Verbose: 0 : 24204, 14, 2024/04/16, 16:13:01.824, 857575565601, testhost.dll, TestExecutionRecorder.RecordEnd: test: IdeaCenterExamPrep.IdeaCenterApiTests.EditNonExistingIdea_ShouldReturnNotFound execution completed.
TpTrace Verbose: 0 : 24204, 14, 2024/04/16, 16:13:01.830, 857575625255, testhost.dll, TestExecutionRecorder.RecordResult: Received result for test: IdeaCenterExamPrep.IdeaCenterApiTests.EditNonExistingIdea_ShouldReturnNotFound.
TpTrace Warning: 0 : 24204, 14, 2024/04/16, 16:13:01.830, 857575627138, testhost.dll, TestRunCache: InProgressTests is null
TpTrace Warning: 0 : 24204, 14, 2024/04/16, 16:13:01.830, 857575627820, testhost.dll, TestRunCache: No test found corresponding to testResult 'EditNonExistingIdea_ShouldReturnNotFound' in inProgress list.
TpTrace Verbose: 0 : 24204, 14, 2024/04/16, 16:13:01.830, 857575629920, testhost.dll, TestExecutionRecorder.RecordStart: Starting test: IdeaCenterExamPrep.IdeaCenterApiTests.DeleteNonExistingIdea_ShouldReturnNotFound.
TpTrace Verbose: 0 : 24204, 14, 2024/04/16, 16:13:01.907, 857576396087, testhost.dll, TestExecutionRecorder.RecordEnd: test: IdeaCenterExamPrep.IdeaCenterApiTests.DeleteNonExistingIdea_ShouldReturnNotFound execution completed.
TpTrace Verbose: 0 : 24204, 14, 2024/04/16, 16:13:01.909, 857576418369, testhost.dll, TestExecutionRecorder.RecordResult: Received result for test: IdeaCenterExamPrep.IdeaCenterApiTests.DeleteNonExistingIdea_ShouldReturnNotFound.
TpTrace Warning: 0 : 24204, 14, 2024/04/16, 16:13:01.909, 857576420063, testhost.dll, TestRunCache: InProgressTests is null
TpTrace Warning: 0 : 24204, 14, 2024/04/16, 16:13:01.909, 857576420750, testhost.dll, TestRunCache: No test found corresponding to testResult 'DeleteNonExistingIdea_ShouldReturnNotFound' in inProgress list.
TpTrace Information: 0 : 24204, 4, 2024/04/16, 16:13:01.917, 857576498502, testhost.dll, NUnit Adapter 4.2.0.0: Test execution complete
TpTrace Verbose: 0 : 24204, 4, 2024/04/16, 16:13:01.917, 857576500348, testhost.dll, TestRequestHandler.SendData:  sending data from testhost: {"Version":5,"MessageType":"TestSession.Message","Payload":{"MessageLevel":0,"Message":"NUnit Adapter 4.2.0.0: Test execution complete"}}
TpTrace Verbose: 0 : 24204, 4, 2024/04/16, 16:13:01.926, 857576589810, testhost.dll, BaseRunTests.RunTestInternalWithExecutors: Completed running tests for executor://NUnit3TestExecutor
TpTrace Information: 0 : 24204, 4, 2024/04/16, 16:13:01.929, 857576616791, testhost.dll, Sending test run complete
TpTrace Verbose: 0 : 24204, 4, 2024/04/16, 16:13:01.938, 857576712840, testhost.dll, TestRequestHandler.SendData:  sending data from testhost: {"Version":5,"MessageType":"TestExecution.Completed","Payload":{"TestRunCompleteArgs":{"TestRunStatistics":{"ExecutedTests":7,"Stats":{"Passed":7}},"IsCanceled":false,"IsAborted":false,"Error":null,"AttachmentSets":[],"ElapsedTimeInRunningTests":"00:00:01.6761851","Metrics":{}},"LastRunTests":{"NewTestResults":[{"TestCase":{"Id":"abf07bd6-6d88-22d5-88c0-bd3df1219282","FullyQualifiedName":"IdeaCenterExamPrep.IdeaCenterApiTests.CreateIdea_WithoutRequiredFields_ShouldReturnBadRequest","DisplayName":"CreateIdea_WithoutRequiredFields_ShouldReturnBadRequest","ExecutorUri":"executor://NUnit3TestExecutor","Source":"C:\\Users\\renet\\source\\repos\\IdeaCenterExamPrep\\IdeaCenterExamPrep\\bin\\Debug\\net6.0\\fine-code-coverage\\build-output\\IdeaCenterExamPrep.dll","CodeFilePath":null,"LineNumber":0,"Properties":[{"Key":{"Id":"NUnit.Seed","Label":"Seed","Category":"","Description":"","Attributes":0,"ValueType":"System.String"},"Value":"925181403"}]},"Attachments":[],"Outcome":1,"ErrorMessage":null,"ErrorStackTrace":null,"DisplayName":"CreateIdea_WithoutRequiredFields_ShouldReturnBadRequest","Messages":[],"ComputerName":"DESKTOP-1HSFP93","Duration":"00:00:00.0864760","StartTime":"2024-04-16T13:13:01.646516+00:00","EndTime":"2024-04-16T13:13:01.7329912+00:00","Properties":[{"Key":{"Id":"NUnit.Seed","Label":"Seed","Category":"","Description":"","Attributes":0,"ValueType":"System.String"},"Value":"925181403"}]},{"TestCase":{"Id":"65fd65ff-6fb5-0e90-5764-a0e5e742e50b","FullyQualifiedName":"IdeaCenterExamPrep.IdeaCenterApiTests.EditNonExistingIdea_ShouldReturnNotFound","DisplayName":"EditNonExistingIdea_ShouldReturnNotFound","ExecutorUri":"executor://NUnit3TestExecutor","Source":"C:\\Users\\renet\\source\\repos\\IdeaCenterExamPrep\\IdeaCenterExamPrep\\bin\\Debug\\net6.0\\fine-code-coverage\\build-output\\IdeaCenterExamPrep.dll","CodeFilePath":null,"LineNumber":0,"Properties":[{"Key":{"Id":"NUnit.Seed","Label":"Seed","Category":"","Description":"","Attributes":0,"ValueType":"System.String"},"Value":"1244888202"}]},"Attachments":[],"Outcome":1,"ErrorMessage":null,"ErrorStackTrace":null,"DisplayName":"EditNonExistingIdea_ShouldReturnNotFound","Messages":[],"ComputerName":"DESKTOP-1HSFP93","Duration":"00:00:00.0906560","StartTime":"2024-04-16T13:13:01.7330231+00:00","EndTime":"2024-04-16T13:13:01.8236782+00:00","Properties":[{"Key":{"Id":"NUnit.Seed","Label":"Seed","Category":"","Description":"","Attributes":0,"ValueType":"System.String"},"Value":"1244888202"}]},{"TestCase":{"Id":"0f9e74dd-05f8-47d1-7a1f-cad2375c0acb","FullyQualifiedName":"IdeaCenterExamPrep.IdeaCenterApiTests.DeleteNonExistingIdea_ShouldReturnNotFound","DisplayName":"DeleteNonExistingIdea_ShouldReturnNotFound","ExecutorUri":"executor://NUnit3TestExecutor","Source":"C:\\Users\\renet\\source\\repos\\IdeaCenterExamPrep\\IdeaCenterExamPrep\\bin\\Debug\\net6.0\\fine-code-coverage\\build-output\\IdeaCenterExamPrep.dll","CodeFilePath":null,"LineNumber":0,"Properties":[{"Key":{"Id":"NUnit.Seed","Label":"Seed","Category":"","Description":"","Attributes":0,"ValueType":"System.String"},"Value":"1738767718"}]},"Attachments":[],"Outcome":1,"ErrorMessage":null,"ErrorStackTrace":null,"DisplayName":"DeleteNonExistingIdea_ShouldReturnNotFound","Messages":[],"ComputerName":"DESKTOP-1HSFP93","Duration":"00:00:00.0829550","StartTime":"2024-04-16T13:13:01.8237218+00:00","EndTime":"2024-04-16T13:13:01.9066759+00:00","Properties":[{"Key":{"Id":"NUnit.Seed","Label":"Seed","Category":"","Description":"","Attributes":0,"ValueType":"System.String"},"Value":"1738767718"}]}],"TestRunStatistics":{"ExecutedTests":7,"Stats":{"Passed":7}},"ActiveTests":[]},"RunAttachments":[],"ExecutorUris":["executor://nunit3testexecutor/"]}}
TpTrace Verbose: 0 : 24204, 4, 2024/04/16, 16:13:01.939, 857576717557, testhost.dll, BaseRunTests.RunTests: Run is complete.
TpTrace Verbose: 0 : 24204, 10, 2024/04/16, 16:13:01.939, 857576722085, testhost.dll, TcpClientExtensions.MessageLoopAsync: NotifyDataAvailable remoteEndPoint: [::ffff:127.0.0.1]:55458 localEndPoint: [::ffff:127.0.0.1]:55459
TpTrace Information: 0 : 24204, 10, 2024/04/16, 16:13:01.939, 857576723455, testhost.dll, TestRequestHandler.OnMessageReceived: received message: (TestSession.Terminate) -> null
TpTrace Information: 0 : 24204, 10, 2024/04/16, 16:13:01.939, 857576723819, testhost.dll, Session End message received from server. Closing the connection.
TpTrace Information: 0 : 24204, 10, 2024/04/16, 16:13:01.940, 857576726453, testhost.dll, SocketClient.Stop: Stop communication from server endpoint: 127.0.0.1:055458
TpTrace Information: 0 : 24204, 10, 2024/04/16, 16:13:01.940, 857576726923, testhost.dll, SocketClient: Stop: Cancellation requested. Stopping message loop.
TpTrace Verbose: 0 : 24204, 10, 2024/04/16, 16:13:01.940, 857576728395, testhost.dll, LengthPrefixCommunicationChannel.Dispose: Dispose reader and writer.
TpTrace Information: 0 : 24204, 10, 2024/04/16, 16:13:01.940, 857576728867, testhost.dll, Closing the connection !
TpTrace Information: 0 : 24204, 10, 2024/04/16, 16:13:01.940, 857576730744, testhost.dll, SocketClient.PrivateStop: Stop communication from server endpoint: 127.0.0.1:055458, error:
TpTrace Verbose: 0 : 24204, 10, 2024/04/16, 16:13:01.940, 857576733790, testhost.dll, LengthPrefixCommunicationChannel.Dispose: Dispose reader and writer.
TpTrace Information: 0 : 24204, 1, 2024/04/16, 16:13:01.940, 857576734112, testhost.dll, Closing the connection !
TpTrace Information: 0 : 24204, 1, 2024/04/16, 16:13:01.941, 857576735164, testhost.dll, SocketClient.Stop: Stop communication from server endpoint: 127.0.0.1:055458
TpTrace Verbose: 0 : 24204, 10, 2024/04/16, 16:13:01.941, 857576735344, testhost.dll, TcpClientExtensions.MessageLoopAsync: exiting MessageLoopAsync remoteEndPoint: [::ffff:127.0.0.1]:55458 localEndPoint: [::ffff:127.0.0.1]:55459
TpTrace Verbose: 0 : 24204, 1, 2024/04/16, 16:13:01.941, 857576736133, testhost.dll, LengthPrefixCommunicationChannel.Dispose: Dispose reader and writer.
TpTrace Information: 0 : 24204, 1, 2024/04/16, 16:13:01.941, 857576737308, testhost.dll, Testhost process exiting.
